<?xml version="1.0" encoding="UTF-8"?>
<!-- Generated by org.testng.reporters.JUnitXMLReporter -->
<testsuite hostname="LAPTOP-BQ7298OG" ignored="0" name="Banking App Test" tests="2" failures="0" timestamp="01 May 2020 20:14:36 GMT" time="50.339" errors="0">
  <testcase name="LoginTest" time="9.014" classname="com.inetBanking.testCases.TC_LoginTest_001"/>
  <testcase name="addNewCustomer" time="24.158" classname="com.inetBanking.testCases.TC_AddCustomerTest_003"/>
</testsuite> <!-- Banking App Test -->
