<?xml version="1.0" encoding="UTF-8"?>
<!-- Generated by org.testng.reporters.JUnitXMLReporter -->
<testsuite hostname="LAPTOP-BQ7298OG" ignored="0" name="Banking App Test" tests="2" failures="0" timestamp="28 Apr 2020 04:38:58 GMT" time="40.826" errors="0">
  <testcase name="LoginTest" time="2.109" classname="com.inetBanking.testCases.TC_LoginTest_001"/>
  <testcase name="addNewCustomer" time="16.481" classname="com.inetBanking.testCases.TC_AddCustomerTest_003"/>
</testsuite> <!-- Banking App Test -->
