<?xml version="1.0" encoding="UTF-8"?>
<!-- Generated by org.testng.reporters.JUnitXMLReporter -->
<testsuite ignored="0" hostname="LAPTOP-BQ7298OG" failures="0" tests="2" name="Banking App Test" time="97.164" errors="0" timestamp="29 Apr 2020 03:54:13 GMT">
  <testcase classname="com.inetBanking.testCases.TC_LoginTest_001" name="LoginTest" time="20.018"/>
  <testcase classname="com.inetBanking.testCases.TC_AddCustomerTest_003" name="addNewCustomer" time="45.17"/>
</testsuite> <!-- Banking App Test -->
