<?xml version="1.0" encoding="UTF-8"?>
<testng-results ignored="0" total="2" passed="2" failed="0" skipped="0">
  <reporter-output>
  </reporter-output>
  <suite started-at="2020-04-29T03:52:36Z" name="InetBankingV1" finished-at="2020-04-29T03:54:13Z" duration-ms="97164">
    <groups>
    </groups>
    <test started-at="2020-04-29T03:52:36Z" name="Banking App Test" finished-at="2020-04-29T03:54:13Z" duration-ms="97164">
      <class name="com.inetBanking.testCases.TC_AddCustomerTest_003">
        <test-method is-config="true" signature="setup(java.lang.String)[pri:0, instance:com.inetBanking.testCases.TC_AddCustomerTest_003@2f0a87b3]" started-at="2020-04-29T03:53:15Z" name="setup" finished-at="2020-04-29T03:53:28Z" duration-ms="12882" status="PASS">
          <params>
            <param index="0">
              <value>
                <![CDATA[chrome]]>
              </value>
            </param>
          </params>
          <reporter-output>
          </reporter-output>
        </test-method> <!-- setup -->
        <test-method signature="addNewCustomer()[pri:0, instance:com.inetBanking.testCases.TC_AddCustomerTest_003@2f0a87b3]" started-at="2020-04-29T03:53:28Z" name="addNewCustomer" finished-at="2020-04-29T03:54:13Z" duration-ms="45170" status="PASS">
          <reporter-output>
          </reporter-output>
        </test-method> <!-- addNewCustomer -->
        <test-method is-config="true" signature="tearDown()[pri:0, instance:com.inetBanking.testCases.TC_AddCustomerTest_003@2f0a87b3]" started-at="2020-04-29T03:54:13Z" name="tearDown" finished-at="2020-04-29T03:54:13Z" duration-ms="661" status="PASS">
          <reporter-output>
          </reporter-output>
        </test-method> <!-- tearDown -->
      </class> <!-- com.inetBanking.testCases.TC_AddCustomerTest_003 -->
      <class name="com.inetBanking.testCases.TC_LoginTest_001">
        <test-method is-config="true" signature="setup(java.lang.String)[pri:0, instance:com.inetBanking.testCases.TC_LoginTest_001@16f7c8c1]" started-at="2020-04-29T03:52:37Z" name="setup" finished-at="2020-04-29T03:52:54Z" duration-ms="17353" status="PASS">
          <params>
            <param index="0">
              <value>
                <![CDATA[chrome]]>
              </value>
            </param>
          </params>
          <reporter-output>
          </reporter-output>
        </test-method> <!-- setup -->
        <test-method signature="LoginTest()[pri:0, instance:com.inetBanking.testCases.TC_LoginTest_001@16f7c8c1]" started-at="2020-04-29T03:52:54Z" name="LoginTest" finished-at="2020-04-29T03:53:14Z" duration-ms="20018" status="PASS">
          <reporter-output>
          </reporter-output>
        </test-method> <!-- LoginTest -->
        <test-method is-config="true" signature="tearDown()[pri:0, instance:com.inetBanking.testCases.TC_LoginTest_001@16f7c8c1]" started-at="2020-04-29T03:53:14Z" name="tearDown" finished-at="2020-04-29T03:53:15Z" duration-ms="705" status="PASS">
          <reporter-output>
          </reporter-output>
        </test-method> <!-- tearDown -->
      </class> <!-- com.inetBanking.testCases.TC_LoginTest_001 -->
    </test> <!-- Banking App Test -->
  </suite> <!-- InetBankingV1 -->
</testng-results>
