<?xml version="1.0" encoding="UTF-8"?>
<testng-results skipped="0" failed="0" ignored="0" total="2" passed="2">
  <reporter-output>
  </reporter-output>
  <suite name="InetBankingV1" duration-ms="50339" started-at="2020-05-01T20:13:46Z" finished-at="2020-05-01T20:14:36Z">
    <groups>
    </groups>
    <test name="Banking App Test" duration-ms="50339" started-at="2020-05-01T20:13:46Z" finished-at="2020-05-01T20:14:36Z">
      <class name="com.inetBanking.testCases.TC_LoginTest_001">
        <test-method status="PASS" signature="setup(java.lang.String)[pri:0, instance:com.inetBanking.testCases.TC_LoginTest_001@598067a5]" name="setup" is-config="true" duration-ms="8264" started-at="2020-05-01T20:13:46Z" finished-at="2020-05-01T20:13:55Z">
          <params>
            <param index="0">
              <value>
                <![CDATA[chrome]]>
              </value>
            </param>
          </params>
          <reporter-output>
          </reporter-output>
        </test-method> <!-- setup -->
        <test-method status="PASS" signature="LoginTest()[pri:0, instance:com.inetBanking.testCases.TC_LoginTest_001@598067a5]" name="LoginTest" duration-ms="9014" started-at="2020-05-01T20:13:55Z" finished-at="2020-05-01T20:14:04Z">
          <reporter-output>
          </reporter-output>
        </test-method> <!-- LoginTest -->
        <test-method status="PASS" signature="tearDown()[pri:0, instance:com.inetBanking.testCases.TC_LoginTest_001@598067a5]" name="tearDown" is-config="true" duration-ms="920" started-at="2020-05-01T20:14:04Z" finished-at="2020-05-01T20:14:05Z">
          <reporter-output>
          </reporter-output>
        </test-method> <!-- tearDown -->
      </class> <!-- com.inetBanking.testCases.TC_LoginTest_001 -->
      <class name="com.inetBanking.testCases.TC_AddCustomerTest_003">
        <test-method status="PASS" signature="setup(java.lang.String)[pri:0, instance:com.inetBanking.testCases.TC_AddCustomerTest_003@3c0ecd4b]" name="setup" is-config="true" duration-ms="6922" started-at="2020-05-01T20:14:05Z" finished-at="2020-05-01T20:14:11Z">
          <params>
            <param index="0">
              <value>
                <![CDATA[chrome]]>
              </value>
            </param>
          </params>
          <reporter-output>
          </reporter-output>
        </test-method> <!-- setup -->
        <test-method status="PASS" signature="addNewCustomer()[pri:0, instance:com.inetBanking.testCases.TC_AddCustomerTest_003@3c0ecd4b]" name="addNewCustomer" duration-ms="24158" started-at="2020-05-01T20:14:11Z" finished-at="2020-05-01T20:14:36Z">
          <reporter-output>
          </reporter-output>
        </test-method> <!-- addNewCustomer -->
        <test-method status="PASS" signature="tearDown()[pri:0, instance:com.inetBanking.testCases.TC_AddCustomerTest_003@3c0ecd4b]" name="tearDown" is-config="true" duration-ms="747" started-at="2020-05-01T20:14:36Z" finished-at="2020-05-01T20:14:36Z">
          <reporter-output>
          </reporter-output>
        </test-method> <!-- tearDown -->
      </class> <!-- com.inetBanking.testCases.TC_AddCustomerTest_003 -->
    </test> <!-- Banking App Test -->
  </suite> <!-- InetBankingV1 -->
</testng-results>
