<?xml version="1.0" encoding="UTF-8"?>
<testng-results skipped="0" failed="0" ignored="0" total="2" passed="2">
  <reporter-output>
  </reporter-output>
  <suite name="InetBankingV1" duration-ms="40826" started-at="2020-04-28T04:38:18Z" finished-at="2020-04-28T04:38:58Z">
    <groups>
    </groups>
    <test name="Banking App Test" duration-ms="40826" started-at="2020-04-28T04:38:18Z" finished-at="2020-04-28T04:38:58Z">
      <class name="com.inetBanking.testCases.TC_LoginTest_001">
        <test-method status="PASS" signature="setup(java.lang.String)[pri:0, instance:com.inetBanking.testCases.TC_LoginTest_001@14bf9759]" name="setup" is-config="true" duration-ms="8706" started-at="2020-04-28T04:38:18Z" finished-at="2020-04-28T04:38:27Z">
          <params>
            <param index="0">
              <value>
                <![CDATA[chrome]]>
              </value>
            </param>
          </params>
          <reporter-output>
          </reporter-output>
        </test-method> <!-- setup -->
        <test-method status="PASS" signature="LoginTest()[pri:0, instance:com.inetBanking.testCases.TC_LoginTest_001@14bf9759]" name="LoginTest" duration-ms="2109" started-at="2020-04-28T04:38:27Z" finished-at="2020-04-28T04:38:29Z">
          <reporter-output>
          </reporter-output>
        </test-method> <!-- LoginTest -->
        <test-method status="PASS" signature="tearDown()[pri:0, instance:com.inetBanking.testCases.TC_LoginTest_001@14bf9759]" name="tearDown" is-config="true" duration-ms="1306" started-at="2020-04-28T04:38:29Z" finished-at="2020-04-28T04:38:30Z">
          <reporter-output>
          </reporter-output>
        </test-method> <!-- tearDown -->
      </class> <!-- com.inetBanking.testCases.TC_LoginTest_001 -->
      <class name="com.inetBanking.testCases.TC_AddCustomerTest_003">
        <test-method status="PASS" signature="setup(java.lang.String)[pri:0, instance:com.inetBanking.testCases.TC_AddCustomerTest_003@5f341870]" name="setup" is-config="true" duration-ms="11092" started-at="2020-04-28T04:38:30Z" finished-at="2020-04-28T04:38:41Z">
          <params>
            <param index="0">
              <value>
                <![CDATA[chrome]]>
              </value>
            </param>
          </params>
          <reporter-output>
          </reporter-output>
        </test-method> <!-- setup -->
        <test-method status="PASS" signature="addNewCustomer()[pri:0, instance:com.inetBanking.testCases.TC_AddCustomerTest_003@5f341870]" name="addNewCustomer" duration-ms="16481" started-at="2020-04-28T04:38:41Z" finished-at="2020-04-28T04:38:58Z">
          <reporter-output>
          </reporter-output>
        </test-method> <!-- addNewCustomer -->
        <test-method status="PASS" signature="tearDown()[pri:0, instance:com.inetBanking.testCases.TC_AddCustomerTest_003@5f341870]" name="tearDown" is-config="true" duration-ms="749" started-at="2020-04-28T04:38:58Z" finished-at="2020-04-28T04:38:58Z">
          <reporter-output>
          </reporter-output>
        </test-method> <!-- tearDown -->
      </class> <!-- com.inetBanking.testCases.TC_AddCustomerTest_003 -->
    </test> <!-- Banking App Test -->
  </suite> <!-- InetBankingV1 -->
</testng-results>
